<?xml version="1.0" encoding="UTF-8"?>
<!-- Generated by org.testng.reporters.JUnitReportReporter -->
<testsuite hostname="LAPTOP-JUA187N9" failures="0" tests="13" name="testcases.LoginTest" time="9.295" errors="0" timestamp="2025-01-22T15:27:02 IST" skipped="6">
  <testcase classname="testcases.LoginTest" name="testValidLogin" time="4.613"/>
  <system-out/>
  <testcase classname="testcases.LoginTest" name="testInvalidLogin" time="2.153"/>
  <system-out/>
  <testcase classname="testcases.LoginTest" name="testEmptyFieldsLogin" time="0.105"/>
  <system-out/>
  <testcase classname="testcases.LoginTest" name="testBlankUsernameWithValidPassword" time="0.129"/>
  <system-out/>
  <testcase classname="testcases.LoginTest" name="testBlankPasswordWithValidUsername" time="0.114"/>
  <system-out/>
  <testcase classname="testcases.LoginTest" name="testPasswordMasking" time="0.074"/>
  <system-out/>
  <testcase classname="testcases.LoginTest" name="testForgotPasswordLink" time="2.107"/>
  <system-out/>
  <testcase classname="testcases.LoginTest" name="testForgotPasswordWithValidEmail">
    <skipped/>
  </testcase> <!-- testForgotPasswordWithValidEmail -->
  <system-out/>
  <testcase classname="testcases.LoginTest" name="testForgotPasswordWithInvalidEmailFormat">
    <skipped/>
  </testcase> <!-- testForgotPasswordWithInvalidEmailFormat -->
  <system-out/>
  <testcase classname="testcases.LoginTest" name="testForgotPasswordWithInvalidEmail">
    <skipped/>
  </testcase> <!-- testForgotPasswordWithInvalidEmail -->
  <system-out/>
  <testcase classname="testcases.LoginTest" name="testLoginAfterPasswordResetWithOldPassword">
    <skipped/>
  </testcase> <!-- testLoginAfterPasswordResetWithOldPassword -->
  <system-out/>
  <testcase classname="testcases.LoginTest" name="testForgotPasswordWithEmptyEmailField">
    <skipped/>
  </testcase> <!-- testForgotPasswordWithEmptyEmailField -->
  <system-out/>
  <testcase classname="testcases.LoginTest" name="testLoginAfterPasswordResetWithNewPassword">
    <skipped/>
  </testcase> <!-- testLoginAfterPasswordResetWithNewPassword -->
  <system-out/>
</testsuite> <!-- testcases.LoginTest -->
